<?xml version="1.0" encoding="UTF-8"?>
<testng-results skipped="0" failed="0" ignored="0" total="1" passed="1">
  <reporter-output>
  </reporter-output>
  <suite name="Default suite" duration-ms="524" started-at="2020-02-18T21:18:30 IST" finished-at="2020-02-18T21:18:30 IST">
    <groups>
    </groups>
    <test name="Default test" duration-ms="524" started-at="2020-02-18T21:18:30 IST" finished-at="2020-02-18T21:18:30 IST">
      <class name="MavenEthansTestNG.MavenEthansTestNG.NewTest">
        <test-method status="PASS" signature="hello()[pri:0, instance:MavenEthansTestNG.MavenEthansTestNG.NewTest@2d6eabae]" name="hello" duration-ms="93" started-at="2020-02-18T21:18:30 IST" finished-at="2020-02-18T21:18:30 IST">
          <reporter-output>
          </reporter-output>
        </test-method> <!-- hello -->
      </class> <!-- MavenEthansTestNG.MavenEthansTestNG.NewTest -->
    </test> <!-- Default test -->
  </suite> <!-- Default suite -->
</testng-results>
